Linting Swift files in current working directory
Linting 'ChatViewModel.swift' (1/161)
Linting 'ContentViewModel.swift' (2/161)
Linting 'HealthChatViewModel.swift' (3/161)
Linting 'HealthDataTool.swift' (4/161)
Linting 'HealthMetric.swift' (5/161)
Linting 'HealthInsight.swift' (6/161)
Linting 'HealthSession.swift' (7/161)
Linting 'HealthAnalysisTool.swift' (8/161)
Linting 'PersonalizedHealthPlan.swift' (9/161)
Linting 'HealthAI.swift' (10/161)
Linting 'HealthAnalysis.swift' (11/161)
Linting 'HealthMessageBubbleView.swift' (12/161)
Linting 'HealthChatView.swift' (13/161)
Linting 'ConversationSummary.swift' (14/161)
Linting 'HealthDataManager.swift' (15/161)
Linting 'HealthChatInputView.swift' (16/161)
Linting 'MetricCardView.swift' (17/161)
Linting 'HealthDashboardView.swift' (18/161)
Linting 'DailyProgressView.swift' (19/161)
Linting 'InsightCardView.swift' (20/161)
Linting 'HealthEffects.swift' (21/161)
Linting 'HealthColors.swift' (22/161)
Linting 'FoundationLabAppShortcuts.swift' (23/161)
Linting 'TabSelection.swift' (24/161)
Linting 'AppConfiguration.swift' (25/161)
Linting 'OpenChatIntent.swift' (26/161)
Linting 'DataModels.swift' (27/161)
Linting 'ExampleType.swift' (28/161)
Linting 'FoundationModelsError.swift' (29/161)
Linting 'DefaultPrompts.swift' (30/161)
Linting 'NavigationCoordinator.swift' (31/161)
Linting 'DynamicSchemaExampleType.swift' (32/161)
Linting 'Transcript+TokenCounting.swift' (33/161)
Linting 'Color+Extensions.swift' (34/161)
Linting 'VoiceRemindersTool.swift' (35/161)
Linting 'VoiceView.swift' (36/161)
Linting 'SpeechRecognitionStateMachine.swift' (37/161)
Linting 'VoiceContext.swift' (38/161)
Linting 'VoiceLogging.swift' (39/161)
Linting 'VoiceViewModel.swift' (40/161)
Linting 'PermissionRequestView.swift' (41/161)
Linting 'AudioReactiveBlobView.swift' (42/161)
Linting 'SpeechRecognizer.swift' (43/161)
Linting 'InferenceService.swift' (44/161)
Linting 'SpeechRecognizerAudioHelpers.swift' (45/161)
Linting 'SpeechSynthesizerVoiceHelpers.swift' (46/161)
Linting 'SpeechSynthesizer.swift' (47/161)
Linting '05_SamplingStrategies.swift' (48/161)
Linting 'PermissionManager.swift' (49/161)
Linting '01_TemperatureExamples.swift' (50/161)
Linting '02_TokenLimitExamples.swift' (51/161)
Linting '03_FitnessConstraints.swift' (52/161)
Linting '04_ParameterCombinations.swift' (53/161)
Linting '14_MultipleSessions.swift' (54/161)
Linting '02_SingleTurnSession.swift' (55/161)
Linting '15_CustomInstructions.swift' (56/161)
Linting '03_MultiTurnSession.swift' (57/161)
Linting '11_BasicPrewarming.swift' (58/161)
Linting '05_OutputLengthControl.swift' (59/161)
Linting '07_ClearCommands.swift' (60/161)
Linting '06_RoleSpecification.swift' (61/161)
Linting '16_ContextWindow.swift' (62/161)
Linting '12_PrewarmingWithPromptPrefix.swift' (63/161)
Linting '01_AvailabilityChecking.swift' (64/161)
Linting '08_ExamplesInInstructions.swift' (65/161)
Linting '04_InstructionsExample.swift' (66/161)
Linting '09_ErrorHandling.swift' (67/161)
Linting '10_SessionSafety.swift' (68/161)
Linting '13_StreamingResponse.swift' (69/161)
Linting '01_QueryingAvailableLanguages.swift' (70/161)
Linting '05_CodeSwitchingAndMixedLanguage.swift' (71/161)
Linting '07_MultilingualErrorHandling.swift' (72/161)
Linting '03_MultilingualResponseGeneration.swift' (73/161)
Linting '04_FreshVsPersistentSessions.swift' (74/161)
Linting '06_ProductionLanguageDetection.swift' (75/161)
Linting '02_LanguageSelectionDisplay.swift' (76/161)
Linting '07_SessionWithMultipleTools.swift' (77/161)
Linting '04_WeatherTool.swift' (78/161)
Linting '01_BasicToolProtocol.swift' (79/161)
Linting '06_MultiToolCoordinationDemo.swift' (80/161)
Linting '08_ErrorHandlingPatterns.swift' (81/161)
Linting '05_LocationTool.swift' (82/161)
Linting '06_SessionWithSingleTool.swift' (83/161)
Linting '02_SearchTool.swift' (84/161)
Linting '03_CalculatorTool.swift' (85/161)
Linting 'FoundationLabApp.swift' (86/161)
Linting 'SettingsView.swift' (87/161)
Linting 'MusicToolView.swift' (88/161)
Linting 'ContactsToolView.swift' (89/161)
Linting 'CalendarToolView.swift' (90/161)
Linting 'LocationToolView.swift' (91/161)
Linting 'ToolsView.swift' (92/161)
Linting 'WebToolView.swift' (93/161)
Linting 'RemindersToolView.swift' (94/161)
Linting 'WebMetadataToolView.swift' (95/161)
Linting 'WeatherToolView.swift' (96/161)
Linting 'HealthToolView.swift' (97/161)
Linting 'RemindersToolViewHelpers.swift' (98/161)
Linting 'TranscriptEntryView.swift' (99/161)
Linting 'ChatView.swift' (100/161)
Linting 'ChatInstructionsView.swift' (101/161)
Linting 'AdaptiveNavigationView.swift' (102/161)
Linting 'SidebarView.swift' (103/161)
Linting 'SessionManagementView.swift' (104/161)
Linting 'ProductionLanguageExampleView.swift' (105/161)
Linting 'MultilingualResponsesView.swift' (106/161)
Linting 'LanguageDetectionView.swift' (107/161)
Linting 'ProductionLanguageExampleHelpers.swift' (108/161)
Linting 'GenerationOptionsHelpers.swift' (109/161)
Linting 'IntegrationsView.swift' (110/161)
Linting 'LanguagesIntegrationsView.swift' (111/161)
Linting 'ResponseDisplayView.swift' (112/161)
Linting 'ToolViewBase.swift' (113/161)
Linting 'GenericCardView.swift' (114/161)
Linting 'FeedbackView.swift' (115/161)
Linting 'MessageBubbleView.swift' (116/161)
Linting 'BasicChatView.swift' (117/161)
Linting 'ChatInputView.swift' (118/161)
Linting 'StreamingResponseView.swift' (119/161)
Linting 'BusinessIdeasView.swift' (120/161)
Linting 'CreativeWritingView.swift' (121/161)
Linting 'StructuredDataView.swift' (122/161)
Linting 'ExamplesView.swift' (123/161)
Linting 'ExampleViewBase.swift' (124/161)
Linting 'ToolsExamplesView.swift' (125/161)
Linting 'CodeViewer.swift' (126/161)
Linting 'Spacing.swift' (127/161)
Linting 'ExampleExecutor.swift' (128/161)
Linting 'PromptField.swift' (129/161)
Linting 'GenerationGuidesView.swift' (130/161)
Linting 'ModelAvailabilityView.swift' (131/161)
Linting 'GuidedDynamicSchemaView.swift' (132/161)
Linting 'NestedDynamicSchemaView.swift' (134/161)
Linting 'GuidedDynamicSchemaHelpers.swift' (133/161)
Linting 'EnumDynamicSchemaHelpers.swift' (135/161)
Linting 'GenerablePatternHelpers.swift' (136/161)
Linting 'ReferencedSchemaHelpers.swift' (137/161)
Linting 'GenerablePatternView.swift' (138/161)
Linting 'FormBuilderSchemaView.swift' (140/161)
Linting 'SchemaErrorHandlingHelpers.swift' (139/161)
Linting 'DynamicSchemaExecutorExtension.swift' (141/161)
Linting 'InvoiceSchemasHelpers.swift' (142/161)
Linting 'UnionTypesSchemaHelpers.swift' (143/161)
Linting 'ArrayDynamicSchemaHelpers.swift' (144/161)
Linting 'ReferencedSchemaView.swift' (145/161)
Linting 'InvoiceProcessingSchemaHelpers.swift' (146/161)
Linting 'NestedSchemaFormatter.swift' (147/161)
Linting 'NestedDynamicSchemaHelpers.swift' (148/161)
Linting 'InvoiceSchemas.swift' (149/161)
Linting 'InvoiceProcessingSchemaView.swift' (150/161)
Linting 'EnumDynamicSchemaView.swift' (151/161)
Linting 'SchemaErrorHandlingView.swift' (152/161)
Linting 'ArrayDynamicSchemaView.swift' (153/161)
Linting 'UnionTypesSchemaView.swift' (154/161)
Linting 'FormBuilderSchemaHelpers.swift' (155/161)
Linting 'BasicDynamicSchemaView.swift' (156/161)
Linting 'SchemaExamplesView.swift' (157/161)
Linting 'HealthExampleView.swift' (158/161)
Linting 'ModelUnavailableView.swift' (159/161)
Linting 'GenerationOptionsView.swift' (160/161)
Linting 'LanguageService.swift' (161/161)
/Users/rudrank/Developer/Apps/Foundation-Models-Framework-Example/Foundation Lab/ViewModels/ChatViewModel.swift:13:7: error: Type Body Length Violation: Class body should span 200 lines or less excluding comments and whitespace: currently spans 204 lines (type_body_length)
/Users/rudrank/Developer/Apps/Foundation-Models-Framework-Example/Foundation Lab/Views/Chat/ChatInstructionsView.swift:142:1: error: Line Length Violation: Line should be 140 characters or less; currently it has 217 characters (line_length)
/Users/rudrank/Developer/Apps/Foundation-Models-Framework-Example/Foundation Lab/Views/Chat/ChatInstructionsView.swift:130:56: error: Unused Closure Parameter Violation: Unused parameter in a closure should be replaced with _ (unused_closure_parameter)
Done linting! Found 3 violations, 3 serious in 161 files.
